<?xml version="1.0" encoding="UTF-8"?>
<testng-results ignored="0" total="1" passed="1" failed="0" skipped="0">
  <reporter-output>
    <line>
      <![CDATA[browser is open]]>
    </line>
    <line>
      <![CDATA[successfull application page logined]]>
    </line>
    <line>
      <![CDATA[successfull application page logouted]]>
    </line>
    <line>
      <![CDATA[successfull application page logined]]>
    </line>
  </reporter-output>
  <suite started-at="2023-10-05T11:29:49 IST" name="Default suite" finished-at="2023-10-05T11:30:01 IST" duration-ms="11442">
    <groups>
    </groups>
    <test started-at="2023-10-05T11:29:49 IST" name="Default test" finished-at="2023-10-05T11:30:01 IST" duration-ms="11442">
      <class name="com_crm_testscriptes.createcampaign">
        <test-method is-config="true" signature="openthebrowser()[pri:0, instance:com_crm_testscriptes.createcampaign@4bdeaabb]" started-at="2023-10-05T11:29:49 IST" name="openthebrowser" finished-at="2023-10-05T11:29:52 IST" duration-ms="2511" status="PASS">
          <reporter-output>
            <line>
              <![CDATA[browser is open]]>
            </line>
          </reporter-output>
        </test-method> <!-- openthebrowser -->
        <test-method is-config="true" signature="Login()[pri:0, instance:com_crm_testscriptes.createcampaign@4bdeaabb]" started-at="2023-10-05T11:29:52 IST" name="Login" finished-at="2023-10-05T11:29:59 IST" duration-ms="6660" status="PASS">
          <reporter-output>
            <line>
              <![CDATA[successfull application page logined]]>
            </line>
          </reporter-output>
        </test-method> <!-- Login -->
        <test-method signature="createcampaign()[pri:0, instance:com_crm_testscriptes.createcampaign@4bdeaabb]" started-at="2023-10-05T11:29:59 IST" name="createcampaign" finished-at="2023-10-05T11:30:01 IST" duration-ms="1890" status="PASS">
          <reporter-output>
          </reporter-output>
        </test-method> <!-- createcampaign -->
        <test-method is-config="true" signature="Logout()[pri:0, instance:com_crm_testscriptes.createcampaign@4bdeaabb]" started-at="2023-10-05T11:30:01 IST" name="Logout" finished-at="2023-10-05T11:30:01 IST" duration-ms="156" status="PASS">
          <reporter-output>
            <line>
              <![CDATA[successfull application page logouted]]>
            </line>
          </reporter-output>
        </test-method> <!-- Logout -->
        <test-method is-config="true" signature="closethebrowser()[pri:0, instance:com_crm_testscriptes.createcampaign@4bdeaabb]" started-at="2023-10-05T11:30:01 IST" name="closethebrowser" finished-at="2023-10-05T11:30:01 IST" duration-ms="166" status="PASS">
          <reporter-output>
            <line>
              <![CDATA[successfull application page logined]]>
            </line>
          </reporter-output>
        </test-method> <!-- closethebrowser -->
      </class> <!-- com_crm_testscriptes.createcampaign -->
    </test> <!-- Default test -->
  </suite> <!-- Default suite -->
</testng-results>
