<?xml version="1.0" encoding="UTF-8"?>
<testng-results ignored="0" total="1" passed="0" failed="1" skipped="0">
  <reporter-output>
    <line>
      <![CDATA[browser is open]]>
    </line>
    <line>
      <![CDATA[successfull application page logined]]>
    </line>
    <line>
      <![CDATA[successfull application page logouted]]>
    </line>
    <line>
      <![CDATA[successfull application page logined]]>
    </line>
  </reporter-output>
  <suite started-at="2023-10-11T13:06:26 IST" name="Default suite" finished-at="2023-10-11T13:06:49 IST" duration-ms="22766">
    <groups>
    </groups>
    <test started-at="2023-10-11T13:06:26 IST" name="Default test" finished-at="2023-10-11T13:06:49 IST" duration-ms="22766">
      <class name="com_crm_testscriptes.createcampaign">
        <test-method is-config="true" signature="openthebrowser()[pri:0, instance:com_crm_testscriptes.createcampaign@79079097]" started-at="2023-10-11T13:06:26 IST" name="openthebrowser" finished-at="2023-10-11T13:06:30 IST" duration-ms="3161" status="PASS">
          <reporter-output>
            <line>
              <![CDATA[browser is open]]>
            </line>
          </reporter-output>
        </test-method> <!-- openthebrowser -->
        <test-method is-config="true" signature="Login()[pri:0, instance:com_crm_testscriptes.createcampaign@79079097]" started-at="2023-10-11T13:06:30 IST" name="Login" finished-at="2023-10-11T13:06:37 IST" duration-ms="7151" status="PASS">
          <reporter-output>
            <line>
              <![CDATA[successfull application page logined]]>
            </line>
          </reporter-output>
        </test-method> <!-- Login -->
        <test-method signature="createcampaign()[pri:0, instance:com_crm_testscriptes.createcampaign@79079097]" started-at="2023-10-11T13:06:37 IST" name="createcampaign" finished-at="2023-10-11T13:06:49 IST" duration-ms="12069" status="FAIL">
          <exception class="org.openqa.selenium.NoSuchElementException">
            <message>
              <![CDATA[Cannot locate option with value: Webinar
For documentation on this error, please visit: https://www.selenium.dev/documentation/webdriver/troubleshooting/errors#no-such-element-exception
Build info: version: '4.11.0', revision: '040bc5406b'
System info: os.name: 'Windows 11', os.arch: 'amd64', os.version: '10.0', java.version: '20'
Driver info: driver.version: unknown]]>
            </message>
            <full-stacktrace>
              <![CDATA[org.openqa.selenium.NoSuchElementException: Cannot locate option with value: Webinar
For documentation on this error, please visit: https://www.selenium.dev/documentation/webdriver/troubleshooting/errors#no-such-element-exception
Build info: version: '4.11.0', revision: '040bc5406b'
System info: os.name: 'Windows 11', os.arch: 'amd64', os.version: '10.0', java.version: '20'
Driver info: driver.version: unknown
at org.openqa.selenium.support.ui.Select.findOptionsByValue(Select.java:289)
at org.openqa.selenium.support.ui.Select.selectByValue(Select.java:194)
at com_crm_testscriptes.createcampaign.createcampaign(createcampaign.java:30)
at java.base/jdk.internal.reflect.DirectMethodHandleAccessor.invoke(DirectMethodHandleAccessor.java:104)
at java.base/java.lang.reflect.Method.invoke(Method.java:578)
at org.testng.internal.invokers.MethodInvocationHelper.invokeMethod(MethodInvocationHelper.java:139)
at org.testng.internal.invokers.TestInvoker.invokeMethod(TestInvoker.java:664)
at org.testng.internal.invokers.TestInvoker.invokeTestMethod(TestInvoker.java:227)
at org.testng.internal.invokers.MethodRunner.runInSequence(MethodRunner.java:50)
at org.testng.internal.invokers.TestInvoker$MethodInvocationAgent.invoke(TestInvoker.java:957)
at org.testng.internal.invokers.TestInvoker.invokeTestMethods(TestInvoker.java:200)
at org.testng.internal.invokers.TestMethodWorker.invokeTestMethods(TestMethodWorker.java:148)
at org.testng.internal.invokers.TestMethodWorker.run(TestMethodWorker.java:128)
at java.base/java.util.ArrayList.forEach(ArrayList.java:1511)
at org.testng.TestRunner.privateRun(TestRunner.java:848)
at org.testng.TestRunner.run(TestRunner.java:621)
at org.testng.SuiteRunner.runTest(SuiteRunner.java:443)
at org.testng.SuiteRunner.runSequentially(SuiteRunner.java:437)
at org.testng.SuiteRunner.privateRun(SuiteRunner.java:397)
at org.testng.SuiteRunner.run(SuiteRunner.java:336)
at org.testng.SuiteRunnerWorker.runSuite(SuiteRunnerWorker.java:52)
at org.testng.SuiteRunnerWorker.run(SuiteRunnerWorker.java:95)
at org.testng.TestNG.runSuitesSequentially(TestNG.java:1280)
at org.testng.TestNG.runSuitesLocally(TestNG.java:1200)
at org.testng.TestNG.runSuites(TestNG.java:1114)
at org.testng.TestNG.run(TestNG.java:1082)
at org.testng.remote.AbstractRemoteTestNG.run(AbstractRemoteTestNG.java:115)
at org.testng.remote.RemoteTestNG.initAndRun(RemoteTestNG.java:251)
at org.testng.remote.RemoteTestNG.main(RemoteTestNG.java:77)
]]>
            </full-stacktrace>
          </exception> <!-- org.openqa.selenium.NoSuchElementException -->
          <reporter-output>
          </reporter-output>
        </test-method> <!-- createcampaign -->
        <test-method is-config="true" signature="Logout()[pri:0, instance:com_crm_testscriptes.createcampaign@79079097]" started-at="2023-10-11T13:06:49 IST" name="Logout" finished-at="2023-10-11T13:06:49 IST" duration-ms="203" status="PASS">
          <reporter-output>
            <line>
              <![CDATA[successfull application page logouted]]>
            </line>
          </reporter-output>
        </test-method> <!-- Logout -->
        <test-method is-config="true" signature="closethebrowser()[pri:0, instance:com_crm_testscriptes.createcampaign@79079097]" started-at="2023-10-11T13:06:49 IST" name="closethebrowser" finished-at="2023-10-11T13:06:49 IST" duration-ms="124" status="PASS">
          <reporter-output>
            <line>
              <![CDATA[successfull application page logined]]>
            </line>
          </reporter-output>
        </test-method> <!-- closethebrowser -->
      </class> <!-- com_crm_testscriptes.createcampaign -->
    </test> <!-- Default test -->
  </suite> <!-- Default suite -->
</testng-results>
