<?xml version="1.0" encoding="UTF-8"?>
<!-- Generated by org.testng.reporters.JUnitXMLReporter -->
<testsuite ignored="0" hostname="DESKTOP-ILOVP9M" failures="0" tests="1" name="Test" time="0.098" errors="0" timestamp="2023-09-29T12:12:35 IST">
  <testcase classname="com_crm_generies.Baseclass" name="@BeforeTest openbrowser" time="-1.695969755483E9">
    <failure type="org.testng.TestNGException" message="
Can inject only one of &amp;lt;ITestContext, XmlTest&amp;gt; into a @BeforeTest annotated openbrowser.
For more information on native dependency injection please refer to https://testng.org/doc/documentation-main.html#native-dependency-injection">
      <![CDATA[org.testng.TestNGException: 
Can inject only one of <ITestContext, XmlTest> into a @BeforeTest annotated openbrowser.
For more information on native dependency injection please refer to https://testng.org/doc/documentation-main.html#native-dependency-injection
... Removed 21 stack frames]]>
    </failure>
  </testcase> <!-- @BeforeTest openbrowser -->
  <testcase classname="com_crm_generies.Baseclass" name="@BeforeMethod login" time="0.0">
    <skipped/>
  </testcase> <!-- @BeforeMethod login -->
  <testcase classname="com_crm_generies.Baseclass" name="@AfterMethod logout" time="0.0">
    <skipped/>
  </testcase> <!-- @AfterMethod logout -->
  <testcase classname="com_crm_generies.Baseclass" name="@AfterTest closebrowser" time="0.0">
    <skipped/>
  </testcase> <!-- @AfterTest closebrowser -->
  <testcase classname="com_crm_testscriptes.createcampaign" name="cratecampaign" time="0.001">
    <skipped/>
  </testcase> <!-- cratecampaign -->
</testsuite> <!-- Test -->
